INFO - 2025-07-23 16:10 - CPU Usage: 0
INFO - 2025-07-23 16:10 - Memory usage: 489562112
INFO - 2025-07-23 16:10 - Disk Usage: 0.00
INFO - 2025-07-23 16:10 - Disk Usage: 0.00
INFO - 2025-07-23 16:10 - Disk Usage: 0.00
INFO - 2025-07-23 16:10 - Disk Usage: 0.00
INFO - 2025-07-23 16:10 - Disk Usage: 0.00
INFO - 2025-07-23 16:10 - Disk Usage: 0.00
INFO - 2025-07-23 16:10 - Disk Usage: 0.20
INFO - 2025-07-23 16:10 - Disk Usage: 0.00
INFO - 2025-07-23 16:10 - Disk Usage: 0.00
INFO - 2025-07-23 16:10 - Disk Usage: 0.00
ERROR - 2025-07-23 16:10 - Disk Usage Incresed beyond threshold of 13
INFO - 2025-07-23 16:10 - Disk Usage: 0.00
INFO - 2025-07-23 16:10 - Disk Usage: 0.00
INFO - 2025-07-23 16:10 - Disk Usage: 0.00
INFO - 2025-07-23 16:10 - Disk Usage: 0.00
INFO - 2025-07-23 16:10 - Disk Usage: 0.00
INFO - 2025-07-23 16:10 - Disk Usage: 0.00
INFO - 2025-07-23 16:10 - Disk Usage: 0.00
INFO - 2025-07-23 16:10 - Disk Usage: 0.00
INFO - 2025-07-23 16:10 - Disk Usage: 0.00
INFO - 2025-07-23 16:10 - Disk Usage: 0.00
INFO - 2025-07-23 16:10 - Disk Usage: 0.00
INFO - 2025-07-23 16:10 - Disk Usage: 12.90
INFO - 2025-07-23 16:10 - Disk Usage: 0.00
INFO - 2025-07-23 16:10 - Disk Usage: 0.00
INFO - 2025-07-23 16:10 - Disk Usage: 12.90
INFO - 2025-07-23 16:10 - Disk Usage: 0.00
INFO - 2025-07-23 16:10 - Disk Usage: 0.00
INFO - 2025-07-23 16:10 - Disk Usage: 0.00
ERROR - 2025-07-23 16:10 - CPU Usage increased threashold
INFO - 2025-07-23 16:10 - Memory usage: 489562112
INFO - 2025-07-23 16:10 - Disk Usage: 0.00
INFO - 2025-07-23 16:10 - Disk Usage: 0.00
INFO - 2025-07-23 16:10 - Disk Usage: 0.00
INFO - 2025-07-23 16:10 - Disk Usage: 0.00
INFO - 2025-07-23 16:10 - Disk Usage: 0.00
INFO - 2025-07-23 16:10 - Disk Usage: 0.00
INFO - 2025-07-23 16:10 - Disk Usage: 0.20
INFO - 2025-07-23 16:10 - Disk Usage: 0.00
INFO - 2025-07-23 16:10 - Disk Usage: 0.00
INFO - 2025-07-23 16:10 - Disk Usage: 0.00
ERROR - 2025-07-23 16:10 - Disk Usage Incresed beyond threshold of 13
INFO - 2025-07-23 16:10 - Disk Usage: 0.00
INFO - 2025-07-23 16:10 - Disk Usage: 0.00
INFO - 2025-07-23 16:10 - Disk Usage: 0.00
INFO - 2025-07-23 16:10 - Disk Usage: 0.00
INFO - 2025-07-23 16:10 - Disk Usage: 0.00
INFO - 2025-07-23 16:10 - Disk Usage: 0.00
INFO - 2025-07-23 16:10 - Disk Usage: 0.00
INFO - 2025-07-23 16:10 - Disk Usage: 0.00
INFO - 2025-07-23 16:10 - Disk Usage: 0.00
INFO - 2025-07-23 16:10 - Disk Usage: 0.00
INFO - 2025-07-23 16:10 - Disk Usage: 0.00
INFO - 2025-07-23 16:10 - Disk Usage: 12.90
INFO - 2025-07-23 16:10 - Disk Usage: 0.00
INFO - 2025-07-23 16:10 - Disk Usage: 0.00
INFO - 2025-07-23 16:10 - Disk Usage: 12.90
INFO - 2025-07-23 16:10 - Disk Usage: 0.00
INFO - 2025-07-23 16:10 - Disk Usage: 0.00
INFO - 2025-07-23 16:10 - Disk Usage: 0.00
ERROR - 2025-07-23 16:10 - CPU Usage increased threashold
INFO - 2025-07-23 16:10 - Memory usage: 489562112
INFO - 2025-07-23 16:10 - Disk Usage: 0.00
INFO - 2025-07-23 16:10 - Disk Usage: 0.00
INFO - 2025-07-23 16:10 - Disk Usage: 0.00
INFO - 2025-07-23 16:10 - Disk Usage: 0.00
INFO - 2025-07-23 16:10 - Disk Usage: 0.00
INFO - 2025-07-23 16:10 - Disk Usage: 0.00
INFO - 2025-07-23 16:10 - Disk Usage: 0.20
INFO - 2025-07-23 16:10 - Disk Usage: 0.00
INFO - 2025-07-23 16:10 - Disk Usage: 0.00
INFO - 2025-07-23 16:10 - Disk Usage: 0.00
ERROR - 2025-07-23 16:10 - Disk Usage Incresed beyond threshold of 13
INFO - 2025-07-23 16:10 - Disk Usage: 0.00
INFO - 2025-07-23 16:10 - Disk Usage: 0.00
INFO - 2025-07-23 16:10 - Disk Usage: 0.00
INFO - 2025-07-23 16:10 - Disk Usage: 0.00
INFO - 2025-07-23 16:10 - Disk Usage: 0.00
INFO - 2025-07-23 16:10 - Disk Usage: 0.00
INFO - 2025-07-23 16:10 - Disk Usage: 0.00
INFO - 2025-07-23 16:10 - Disk Usage: 0.00
INFO - 2025-07-23 16:10 - Disk Usage: 0.00
INFO - 2025-07-23 16:10 - Disk Usage: 0.00
INFO - 2025-07-23 16:10 - Disk Usage: 0.00
INFO - 2025-07-23 16:10 - Disk Usage: 12.90
INFO - 2025-07-23 16:10 - Disk Usage: 0.00
INFO - 2025-07-23 16:10 - Disk Usage: 0.00
INFO - 2025-07-23 16:10 - Disk Usage: 12.90
INFO - 2025-07-23 16:10 - Disk Usage: 0.00
INFO - 2025-07-23 16:10 - Disk Usage: 0.00
INFO - 2025-07-23 16:10 - Disk Usage: 0.00
INFO - 2025-07-24 02:13 - CPU Usage: 0
INFO - 2025-07-24 02:13 - Memory usage: 599822336
INFO - 2025-07-24 02:13 - Disk Usage: 0.00
INFO - 2025-07-24 02:13 - Disk Usage: 0.00
INFO - 2025-07-24 02:13 - Disk Usage: 0.00
INFO - 2025-07-24 02:13 - Disk Usage: 0.00
INFO - 2025-07-24 02:13 - Disk Usage: 0.00
INFO - 2025-07-24 02:13 - Disk Usage: 0.00
INFO - 2025-07-24 02:13 - Disk Usage: 0.20
INFO - 2025-07-24 02:13 - Disk Usage: 0.00
INFO - 2025-07-24 02:13 - Disk Usage: 0.00
INFO - 2025-07-24 02:13 - Disk Usage: 0.00
ERROR - 2025-07-24 02:13 - Disk Usage Incresed beyond threshold of 13
INFO - 2025-07-24 02:13 - CPU Usage: 0
INFO - 2025-07-24 02:13 - Memory usage: 599822336
INFO - 2025-07-24 02:13 - Disk Usage: 0.00
INFO - 2025-07-24 02:13 - Disk Usage: 0.00
INFO - 2025-07-24 02:13 - Disk Usage: 0.00
INFO - 2025-07-24 02:13 - Disk Usage: 0.00
INFO - 2025-07-24 02:13 - Disk Usage: 0.00
INFO - 2025-07-24 02:13 - Disk Usage: 0.00
INFO - 2025-07-24 02:13 - Disk Usage: 0.20
INFO - 2025-07-24 02:13 - Disk Usage: 0.00
INFO - 2025-07-24 02:13 - Disk Usage: 0.00
INFO - 2025-07-24 02:13 - Disk Usage: 0.00
ERROR - 2025-07-24 02:13 - Disk Usage Incresed beyond threshold of 13
INFO - 2025-07-24 02:13 - Disk Usage: 0.00
INFO - 2025-07-24 02:13 - Disk Usage: 0.00
INFO - 2025-07-24 02:13 - Disk Usage: 0.00
INFO - 2025-07-24 02:13 - Disk Usage: 0.00
INFO - 2025-07-24 02:13 - Disk Usage: 0.00
INFO - 2025-07-24 02:13 - Disk Usage: 0.00
INFO - 2025-07-24 02:13 - Disk Usage: 0.00
INFO - 2025-07-24 02:13 - Disk Usage: 0.00
INFO - 2025-07-24 02:13 - Disk Usage: 0.00
INFO - 2025-07-24 02:13 - Disk Usage: 0.00
INFO - 2025-07-24 02:13 - Disk Usage: 0.00
INFO - 2025-07-24 02:13 - Disk Usage: 12.90
INFO - 2025-07-24 02:13 - Disk Usage: 0.00
INFO - 2025-07-24 02:13 - Disk Usage: 0.00
INFO - 2025-07-24 02:13 - Disk Usage: 12.90
INFO - 2025-07-24 02:13 - Disk Usage: 0.00
INFO - 2025-07-24 02:15 - CPU Usage: 0
INFO - 2025-07-24 02:15 - Memory usage: 598544384
INFO - 2025-07-24 02:15 - Disk Usage: 0.00
INFO - 2025-07-24 02:15 - Disk Usage: 0.00
INFO - 2025-07-24 02:15 - Disk Usage: 0.00
INFO - 2025-07-24 02:15 - Disk Usage: 0.00
INFO - 2025-07-24 02:15 - Disk Usage: 0.00
INFO - 2025-07-24 02:15 - Disk Usage: 0.00
INFO - 2025-07-24 02:15 - Disk Usage: 0.20
INFO - 2025-07-24 02:15 - Disk Usage: 0.00
INFO - 2025-07-24 02:15 - Disk Usage: 0.00
INFO - 2025-07-24 02:15 - Disk Usage: 0.00
ERROR - 2025-07-24 02:15 - Disk Usage Incresed beyond threshold of 13
INFO - 2025-07-24 02:15 - Disk Usage: 0.00
INFO - 2025-07-24 02:15 - Disk Usage: 0.00
INFO - 2025-07-24 02:15 - Disk Usage: 0.00
INFO - 2025-07-24 02:15 - Disk Usage: 0.00
INFO - 2025-07-24 02:15 - Disk Usage: 0.00
INFO - 2025-07-24 02:15 - Disk Usage: 0.00
INFO - 2025-07-24 02:15 - Disk Usage: 0.00
INFO - 2025-07-24 02:15 - Disk Usage: 0.00
INFO - 2025-07-24 02:15 - Disk Usage: 0.00
INFO - 2025-07-24 02:15 - Disk Usage: 0.00
INFO - 2025-07-24 02:15 - Disk Usage: 0.00
INFO - 2025-07-24 02:15 - Disk Usage: 12.90
INFO - 2025-07-24 02:15 - Disk Usage: 0.00
INFO - 2025-07-24 02:15 - Disk Usage: 0.00
INFO - 2025-07-24 02:15 - Disk Usage: 12.90
INFO - 2025-07-24 02:15 - Disk Usage: 0.00
INFO - 2025-07-24 02:15 - Disk Usage: 0.00
INFO - 2025-07-24 02:16 - CPU Usage: 0
INFO - 2025-07-24 02:16 - Memory usage: 598544384
INFO - 2025-07-24 02:16 - Disk Usage: 0.00
INFO - 2025-07-24 02:16 - Disk Usage: 0.00
INFO - 2025-07-24 02:16 - Disk Usage: 0.00
INFO - 2025-07-24 02:16 - Disk Usage: 0.00
INFO - 2025-07-24 02:16 - Disk Usage: 0.00
INFO - 2025-07-24 02:16 - Disk Usage: 0.00
INFO - 2025-07-24 02:16 - Disk Usage: 0.20
INFO - 2025-07-24 02:16 - Disk Usage: 0.00
INFO - 2025-07-24 02:16 - Disk Usage: 0.00
INFO - 2025-07-24 02:16 - Disk Usage: 0.00
ERROR - 2025-07-24 02:16 - Disk Usage Incresed beyond threshold of 13
INFO - 2025-07-24 02:16 - Disk Usage: 0.00
INFO - 2025-07-24 02:16 - Disk Usage: 0.00
INFO - 2025-07-24 02:16 - Disk Usage: 0.00
INFO - 2025-07-24 02:16 - Disk Usage: 0.00
INFO - 2025-07-24 02:16 - Disk Usage: 0.00
INFO - 2025-07-24 02:16 - Disk Usage: 0.00
INFO - 2025-07-24 02:16 - Disk Usage: 0.00
INFO - 2025-07-24 02:16 - Disk Usage: 0.00
INFO - 2025-07-24 02:16 - Disk Usage: 0.00
INFO - 2025-07-24 02:16 - Disk Usage: 0.00
INFO - 2025-07-24 02:16 - Disk Usage: 0.00
INFO - 2025-07-24 02:16 - Disk Usage: 12.90
INFO - 2025-07-24 02:16 - Disk Usage: 0.00
INFO - 2025-07-24 02:16 - Disk Usage: 0.00
INFO - 2025-07-24 02:16 - Disk Usage: 12.90
INFO - 2025-07-24 02:16 - Disk Usage: 0.00
INFO - 2025-07-24 02:16 - Disk Usage: 0.00
INFO - 2025-07-24 02:21 - CPU Usage: 0
INFO - 2025-07-24 02:21 - Memory usage: 598544384
INFO - 2025-07-24 02:21 - Disk Usage: 0.00
INFO - 2025-07-24 02:21 - Disk Usage: 0.00
INFO - 2025-07-24 02:21 - Disk Usage: 0.00
INFO - 2025-07-24 02:21 - Disk Usage: 0.00
INFO - 2025-07-24 02:21 - Disk Usage: 0.00
INFO - 2025-07-24 02:21 - Disk Usage: 0.00
INFO - 2025-07-24 02:21 - Disk Usage: 0.20
INFO - 2025-07-24 02:21 - Disk Usage: 0.00
INFO - 2025-07-24 02:21 - Disk Usage: 0.00
INFO - 2025-07-24 02:21 - Disk Usage: 0.00
ERROR - 2025-07-24 02:21 - Disk Usage Incresed beyond threshold of 13
INFO - 2025-07-24 02:21 - Disk Usage: 0.00
INFO - 2025-07-24 02:21 - Disk Usage: 0.00
INFO - 2025-07-24 02:21 - Disk Usage: 0.00
INFO - 2025-07-24 02:21 - Disk Usage: 0.00
INFO - 2025-07-24 02:21 - Disk Usage: 0.00
INFO - 2025-07-24 02:21 - Disk Usage: 0.00
INFO - 2025-07-24 02:21 - Disk Usage: 0.00
INFO - 2025-07-24 02:21 - Disk Usage: 0.00
INFO - 2025-07-24 02:21 - Disk Usage: 0.00
INFO - 2025-07-24 02:21 - Disk Usage: 0.00
INFO - 2025-07-24 02:21 - Disk Usage: 0.00
INFO - 2025-07-24 02:21 - Disk Usage: 12.90
INFO - 2025-07-24 02:21 - Disk Usage: 0.00
INFO - 2025-07-24 02:21 - Disk Usage: 0.00
INFO - 2025-07-24 02:21 - Disk Usage: 12.90
INFO - 2025-07-24 02:21 - Disk Usage: 0.00
INFO - 2025-07-24 02:21 - Disk Usage: 0.00
INFO - 2025-07-25 01:51 - CPU Usage: 0
INFO - 2025-07-25 01:51 - Memory usage: 535044096
INFO - 2025-07-25 01:51 - Disk Usage: 0.00
INFO - 2025-07-25 01:51 - Disk Usage: 0.00
INFO - 2025-07-25 01:51 - Disk Usage: 0.00
INFO - 2025-07-25 01:51 - Disk Usage: 0.00
INFO - 2025-07-25 01:51 - Disk Usage: 0.00
INFO - 2025-07-25 01:51 - Disk Usage: 0.00
INFO - 2025-07-25 01:51 - Disk Usage: 0.20
INFO - 2025-07-25 01:51 - Disk Usage: 0.00
INFO - 2025-07-25 01:51 - Disk Usage: 0.00
INFO - 2025-07-25 01:51 - Disk Usage: 0.00
ERROR - 2025-07-25 01:51 - Disk Usage Incresed beyond threshold of 13
INFO - 2025-07-25 01:51 - Disk Usage: 0.00
INFO - 2025-07-25 01:51 - Disk Usage: 0.00
INFO - 2025-07-25 01:51 - Disk Usage: 0.00
INFO - 2025-07-25 01:51 - Disk Usage: 0.00
INFO - 2025-07-25 01:51 - Disk Usage: 0.00
INFO - 2025-07-25 01:51 - Disk Usage: 0.00
INFO - 2025-07-25 01:51 - Disk Usage: 0.00
INFO - 2025-07-25 01:51 - Disk Usage: 0.00
INFO - 2025-07-25 01:51 - Disk Usage: 0.00
INFO - 2025-07-25 01:51 - Disk Usage: 0.00
INFO - 2025-07-25 01:51 - Disk Usage: 0.00
INFO - 2025-07-25 01:51 - Disk Usage: 12.90
INFO - 2025-07-25 01:51 - Disk Usage: 0.00
INFO - 2025-07-25 01:51 - Disk Usage: 12.90
INFO - 2025-07-25 01:51 - Disk Usage: 0.00
INFO - 2025-07-25 01:51 - Disk Usage: 0.00
INFO - 2025-07-25 01:58 - Memory usage: 534978560
INFO - 2025-07-25 01:58 - Disk Usage: 0.00
INFO - 2025-07-25 01:58 - Disk Usage: 0.00
INFO - 2025-07-25 01:58 - Disk Usage: 0.00
INFO - 2025-07-25 01:58 - Disk Usage: 0.00
INFO - 2025-07-25 01:58 - Disk Usage: 0.00
INFO - 2025-07-25 01:58 - Disk Usage: 0.00
INFO - 2025-07-25 01:58 - Disk Usage: 0.20
INFO - 2025-07-25 01:58 - Disk Usage: 0.00
INFO - 2025-07-25 01:58 - Disk Usage: 0.00
INFO - 2025-07-25 01:58 - Disk Usage: 0.00
ERROR - 2025-07-25 01:58 - Disk Usage Incresed beyond threshold of 13
INFO - 2025-07-25 01:58 - Disk Usage: 0.00
INFO - 2025-07-25 01:58 - Disk Usage: 0.00
INFO - 2025-07-25 01:58 - Disk Usage: 0.00
INFO - 2025-07-25 01:58 - Disk Usage: 0.00
INFO - 2025-07-25 01:58 - Disk Usage: 0.00
INFO - 2025-07-25 01:58 - Disk Usage: 0.00
INFO - 2025-07-25 01:58 - Disk Usage: 0.00
INFO - 2025-07-25 01:58 - Disk Usage: 0.00
INFO - 2025-07-25 01:58 - Disk Usage: 0.00
INFO - 2025-07-25 01:58 - Disk Usage: 0.00
INFO - 2025-07-25 01:58 - Disk Usage: 0.00
INFO - 2025-07-25 01:58 - Disk Usage: 12.90
INFO - 2025-07-25 01:58 - Disk Usage: 0.00
INFO - 2025-07-25 01:58 - Disk Usage: 12.90
INFO - 2025-07-25 01:58 - Disk Usage: 0.00
INFO - 2025-07-25 01:58 - Disk Usage: 0.00
INFO - 2025-07-25 01:58 - Disk Usage: 0.00
INFO - 2025-07-25 02:10 - Memory usage: 533987328
INFO - 2025-07-25 02:10 - Disk Usage: 0.00
INFO - 2025-07-25 02:10 - Disk Usage: 0.00
INFO - 2025-07-25 02:10 - Disk Usage: 0.00
INFO - 2025-07-25 02:10 - Disk Usage: 0.00
INFO - 2025-07-25 02:10 - Disk Usage: 0.00
INFO - 2025-07-25 02:10 - Disk Usage: 0.00
INFO - 2025-07-25 02:10 - Disk Usage: 0.20
INFO - 2025-07-25 02:10 - Disk Usage: 0.00
INFO - 2025-07-25 02:10 - Disk Usage: 0.00
INFO - 2025-07-25 02:10 - Disk Usage: 0.00
ERROR - 2025-07-25 02:10 - Disk Usage Incresed beyond threshold of 13
INFO - 2025-07-25 02:10 - Disk Usage: 0.00
INFO - 2025-07-25 02:10 - Disk Usage: 0.00
INFO - 2025-07-25 02:10 - Disk Usage: 0.00
INFO - 2025-07-25 02:10 - Disk Usage: 0.00
INFO - 2025-07-25 02:10 - Disk Usage: 0.00
INFO - 2025-07-25 02:10 - Disk Usage: 0.00
INFO - 2025-07-25 02:10 - Disk Usage: 0.00
INFO - 2025-07-25 02:10 - Disk Usage: 0.00
INFO - 2025-07-25 02:10 - Disk Usage: 0.00
INFO - 2025-07-25 02:10 - Disk Usage: 0.00
INFO - 2025-07-25 02:10 - Disk Usage: 0.00
INFO - 2025-07-25 02:10 - Disk Usage: 12.90
INFO - 2025-07-25 02:10 - Disk Usage: 0.00
INFO - 2025-07-25 02:10 - Disk Usage: 12.90
INFO - 2025-07-25 02:10 - Disk Usage: 0.00
INFO - 2025-07-25 02:10 - Disk Usage: 0.00
INFO - 2025-07-25 02:10 - Disk Usage: 0.00
ERROR - 2025-07-25 02:12 - Disk Usage Incresed beyond threshold of 13
ERROR - 2025-07-25 02:12 - Disk Usage Incresed beyond threshold of 13
ERROR - 2025-07-25 02:12 - CPU Usage increased threashold
ERROR - 2025-07-25 02:12 - Disk Usage Incresed beyond threshold of 13
ERROR - 2025-07-25 02:13 - Disk Usage Incresed beyond threshold of 13
ERROR - 2025-07-25 02:13 - Disk Usage Incresed beyond threshold of 13
